<?xml version="1.0" encoding="UTF-8"?>
<!-- Generated by org.testng.reporters.JUnitReportReporter -->
<testsuite hostname="LAPTOP-ILEVVRC8" failures="0" tests="1" name="pkg1.mvn1" time="0.009" errors="0" timestamp="2025-07-25T15:24:07 IST" skipped="0">
  <testcase classname="pkg1.mvn1" name="createOrgTest" time="0.009"/>
</testsuite> <!-- pkg1.mvn1 -->
