<?xml version="1.0" encoding="UTF-8"?>
<!-- Generated by org.testng.reporters.JUnitReportReporter -->
<testsuite hostname="LAPTOP-ILEVVRC8" failures="0" tests="2" name="pkg1.mvn1_Test" time="0.012" errors="0" timestamp="2025-07-29T12:33:31 IST" skipped="0">
  <testcase classname="pkg1.mvn1_Test" name="createOrgTest" time="0.011"/>
  <testcase classname="pkg1.mvn1_Test" name="deleteOrgTest" time="0.001"/>
</testsuite> <!-- pkg1.mvn1_Test -->
