<?xml version="1.0" encoding="UTF-8"?>
<!-- Generated by org.testng.reporters.JUnitReportReporter -->
<testsuite hostname="LAPTOP-ILEVVRC8" failures="0" tests="2" name="pkg2.Mvn2_Test" time="0.003" errors="0" timestamp="2025-07-25T15:50:56 IST" skipped="0">
  <testcase classname="pkg2.Mvn2_Test" name="deleteContact_Test" time="0.002"/>
  <testcase classname="pkg2.Mvn2_Test" name="createcontact_Test" time="0.001"/>
</testsuite> <!-- pkg2.Mvn2_Test -->
