<?xml version="1.0" encoding="UTF-8"?>
<!-- Generated by org.testng.reporters.JUnitReportReporter -->
<testsuite hostname="LAPTOP-ILEVVRC8" failures="0" tests="1" name="pkg3.Class3" time="0.009" errors="0" timestamp="2025-07-29T12:35:24 IST" skipped="0">
  <testcase classname="pkg3.Class3" name="jen" time="0.009"/>
</testsuite> <!-- pkg3.Class3 -->
